2026-04-07 20:44:09: 
2026-04-07 20:44:09: 🌐 MoneyViya Bot v6.0: http://localhost:3001/qr
2026-04-07 20:44:09: 
2026-04-07 20:44:09: 🤖 MoneyViya Bot v6.0 connecting... API: http://localhost:8000
2026-04-07 20:44:10: 
2026-04-07 20:44:10: 📱 QR ready! Open /qr in browser.
2026-04-07 20:44:10: 
2026-04-07 20:45:10: 
2026-04-07 20:45:10: 📱 QR ready! Open /qr in browser.
2026-04-07 20:45:10: 
2026-04-07 20:45:30: 
2026-04-07 20:45:30: 📱 QR ready! Open /qr in browser.
2026-04-07 20:45:30: 
2026-04-07 20:45:50: 
2026-04-07 20:45:50: 📱 QR ready! Open /qr in browser.
2026-04-07 20:45:50: 
2026-04-07 20:46:10: 
2026-04-07 20:46:10: 📱 QR ready! Open /qr in browser.
2026-04-07 20:46:10: 
2026-04-07 20:46:30: 
2026-04-07 20:46:30: 📱 QR ready! Open /qr in browser.
2026-04-07 20:46:30: 
2026-04-07 20:46:50: [Reconnect] #1 in 3s
2026-04-07 20:46:53: 🤖 MoneyViya Bot v6.0 connecting... API: http://localhost:8000
2026-04-07 20:46:54: 
2026-04-07 20:46:54: 📱 QR ready! Open /qr in browser.
2026-04-07 20:46:54: 
2026-04-07 20:47:54: 
2026-04-07 20:47:54: 📱 QR ready! Open /qr in browser.
2026-04-07 20:47:54: 
2026-04-07 20:48:14: 
2026-04-07 20:48:14: 📱 QR ready! Open /qr in browser.
2026-04-07 20:48:14: 
2026-04-07 20:48:34: 
2026-04-07 20:48:34: 📱 QR ready! Open /qr in browser.
2026-04-07 20:48:34: 
2026-04-07 20:48:54: 
2026-04-07 20:48:54: 📱 QR ready! Open /qr in browser.
2026-04-07 20:48:54: 
2026-04-07 20:49:14: 
2026-04-07 20:49:14: 📱 QR ready! Open /qr in browser.
2026-04-07 20:49:14: 
2026-04-07 20:49:35: [Reconnect] #2 in 5s
2026-04-07 20:49:39: 🤖 MoneyViya Bot v6.0 connecting... API: http://localhost:8000
2026-04-07 20:49:40: 
2026-04-07 20:49:40: 📱 QR ready! Open /qr in browser.
2026-04-07 20:49:40: 
2026-04-07 20:50:40: 
2026-04-07 20:50:40: 📱 QR ready! Open /qr in browser.
2026-04-07 20:50:40: 
2026-04-07 20:51:00: 
2026-04-07 20:51:00: 📱 QR ready! Open /qr in browser.
2026-04-07 20:51:00: 
2026-04-07 20:51:20: 
2026-04-07 20:51:20: 📱 QR ready! Open /qr in browser.
2026-04-07 20:51:20: 
2026-04-07 20:51:40: 
2026-04-07 20:51:40: 📱 QR ready! Open /qr in browser.
2026-04-07 20:51:40: 
2026-04-07 20:52:00: 
2026-04-07 20:52:00: 📱 QR ready! Open /qr in browser.
2026-04-07 20:52:00: 
2026-04-07 20:52:20: [Reconnect] #3 in 7s
2026-04-07 20:52:27: 🤖 MoneyViya Bot v6.0 connecting... API: http://localhost:8000
2026-04-07 20:52:28: 
2026-04-07 20:52:28: 📱 QR ready! Open /qr in browser.
2026-04-07 20:52:28: 
2026-04-07 20:53:28: 
2026-04-07 20:53:28: 📱 QR ready! Open /qr in browser.
2026-04-07 20:53:28: 
2026-04-07 20:53:48: 
2026-04-07 20:53:48: 📱 QR ready! Open /qr in browser.
2026-04-07 20:53:48: 
2026-04-07 20:54:08: 
2026-04-07 20:54:08: 📱 QR ready! Open /qr in browser.
2026-04-07 20:54:08: 
2026-04-07 20:54:28: 
2026-04-07 20:54:28: 📱 QR ready! Open /qr in browser.
2026-04-07 20:54:28: 
2026-04-07 20:54:48: 
2026-04-07 20:54:48: 📱 QR ready! Open /qr in browser.
2026-04-07 20:54:48: 
2026-04-07 20:55:08: [Reconnect] #4 in 10s
2026-04-07 20:55:18: 🤖 MoneyViya Bot v6.0 connecting... API: http://localhost:8000
2026-04-07 20:55:19: 
2026-04-07 20:55:19: 📱 QR ready! Open /qr in browser.
2026-04-07 20:55:19: 
2026-04-07 20:56:19: 
2026-04-07 20:56:19: 📱 QR ready! Open /qr in browser.
2026-04-07 20:56:19: 
2026-04-07 20:56:39: 
2026-04-07 20:56:39: 📱 QR ready! Open /qr in browser.
2026-04-07 20:56:39: 
2026-04-07 20:56:59: 
2026-04-07 20:56:59: 📱 QR ready! Open /qr in browser.
2026-04-07 20:56:59: 
2026-04-07 20:57:19: 
2026-04-07 20:57:19: 📱 QR ready! Open /qr in browser.
2026-04-07 20:57:19: 
2026-04-07 20:57:39: 
2026-04-07 20:57:39: 📱 QR ready! Open /qr in browser.
2026-04-07 20:57:39: 
2026-04-07 20:58:00: [Reconnect] #5 in 15s
2026-04-07 20:58:15: 🤖 MoneyViya Bot v6.0 connecting... API: http://localhost:8000
2026-04-07 20:58:16: 
2026-04-07 20:58:16: 📱 QR ready! Open /qr in browser.
2026-04-07 20:58:16: 
2026-04-07 20:59:16: 
2026-04-07 20:59:16: 📱 QR ready! Open /qr in browser.
2026-04-07 20:59:16: 
2026-04-07 20:59:36: 
2026-04-07 20:59:36: 📱 QR ready! Open /qr in browser.
2026-04-07 20:59:36: 
2026-04-07 20:59:56: 
2026-04-07 20:59:56: 📱 QR ready! Open /qr in browser.
2026-04-07 20:59:56: 
2026-04-07 21:00:16: 
2026-04-07 21:00:16: 📱 QR ready! Open /qr in browser.
2026-04-07 21:00:16: 
2026-04-07 21:00:36: 
2026-04-07 21:00:36: 📱 QR ready! Open /qr in browser.
2026-04-07 21:00:36: 
2026-04-07 21:00:56: [Reconnect] #6 in 23s
2026-04-07 21:01:19: 🤖 MoneyViya Bot v6.0 connecting... API: http://localhost:8000
2026-04-07 21:01:20: 
2026-04-07 21:01:20: 📱 QR ready! Open /qr in browser.
2026-04-07 21:01:20: 
2026-04-07 21:02:20: 
2026-04-07 21:02:20: 📱 QR ready! Open /qr in browser.
2026-04-07 21:02:20: 
2026-04-07 21:02:40: 
2026-04-07 21:02:40: 📱 QR ready! Open /qr in browser.
2026-04-07 21:02:40: 
2026-04-07 21:03:00: 
2026-04-07 21:03:00: 📱 QR ready! Open /qr in browser.
2026-04-07 21:03:00: 
2026-04-07 21:03:20: 
2026-04-07 21:03:20: 📱 QR ready! Open /qr in browser.
2026-04-07 21:03:20: 
2026-04-07 21:03:40: 
2026-04-07 21:03:40: 📱 QR ready! Open /qr in browser.
2026-04-07 21:03:40: 
2026-04-07 21:04:00: [Reconnect] #7 in 34s
2026-04-07 21:04:34: 🤖 MoneyViya Bot v6.0 connecting... API: http://localhost:8000
2026-04-07 21:04:35: 
2026-04-07 21:04:35: 📱 QR ready! Open /qr in browser.
2026-04-07 21:04:35: 
2026-04-07 21:05:35: 
2026-04-07 21:05:35: 📱 QR ready! Open /qr in browser.
2026-04-07 21:05:35: 
2026-04-07 21:05:55: 
2026-04-07 21:05:55: 📱 QR ready! Open /qr in browser.
2026-04-07 21:05:55: 
2026-04-07 21:06:15: 
2026-04-07 21:06:15: 📱 QR ready! Open /qr in browser.
2026-04-07 21:06:15: 
2026-04-07 21:06:35: 
2026-04-07 21:06:35: 📱 QR ready! Open /qr in browser.
2026-04-07 21:06:35: 
2026-04-07 21:06:55: 
2026-04-07 21:06:55: 📱 QR ready! Open /qr in browser.
2026-04-07 21:06:55: 
2026-04-07 21:07:15: [Reconnect] #8 in 51s
2026-04-07 21:08:07: 🤖 MoneyViya Bot v6.0 connecting... API: http://localhost:8000
2026-04-07 21:08:08: 
2026-04-07 21:08:08: 📱 QR ready! Open /qr in browser.
2026-04-07 21:08:08: 
2026-04-07 21:09:08: 
2026-04-07 21:09:08: 📱 QR ready! Open /qr in browser.
2026-04-07 21:09:08: 
2026-04-07 21:09:28: 
2026-04-07 21:09:28: 📱 QR ready! Open /qr in browser.
2026-04-07 21:09:28: 
2026-04-07 21:09:48: 
2026-04-07 21:09:48: 📱 QR ready! Open /qr in browser.
2026-04-07 21:09:48: 
2026-04-07 21:10:08: 
2026-04-07 21:10:08: 📱 QR ready! Open /qr in browser.
2026-04-07 21:10:08: 
2026-04-07 21:10:28: 
2026-04-07 21:10:28: 📱 QR ready! Open /qr in browser.
2026-04-07 21:10:28: 
2026-04-07 21:10:48: [Reconnect] #9 in 60s
2026-04-07 21:11:48: 🤖 MoneyViya Bot v6.0 connecting... API: http://localhost:8000
2026-04-07 21:11:49: 
2026-04-07 21:11:49: 📱 QR ready! Open /qr in browser.
2026-04-07 21:11:49: 
2026-04-07 21:12:49: 
2026-04-07 21:12:49: 📱 QR ready! Open /qr in browser.
2026-04-07 21:12:49: 
2026-04-07 21:13:09: 
2026-04-07 21:13:09: 📱 QR ready! Open /qr in browser.
2026-04-07 21:13:09: 
2026-04-07 21:13:29: 
2026-04-07 21:13:29: 📱 QR ready! Open /qr in browser.
2026-04-07 21:13:29: 
2026-04-07 21:13:49: 
2026-04-07 21:13:49: 📱 QR ready! Open /qr in browser.
2026-04-07 21:13:49: 
2026-04-07 21:14:09: 
2026-04-07 21:14:09: 📱 QR ready! Open /qr in browser.
2026-04-07 21:14:09: 
2026-04-07 21:14:29: [Reconnect] #10 in 60s
2026-04-07 21:15:29: 🤖 MoneyViya Bot v6.0 connecting... API: http://localhost:8000
2026-04-07 21:15:30: 
2026-04-07 21:15:30: 📱 QR ready! Open /qr in browser.
2026-04-07 21:15:30: 
2026-04-07 21:16:30: 
2026-04-07 21:16:30: 📱 QR ready! Open /qr in browser.
2026-04-07 21:16:30: 
2026-04-07 21:16:50: 
2026-04-07 21:16:50: 📱 QR ready! Open /qr in browser.
2026-04-07 21:16:50: 
2026-04-07 21:17:02: 
2026-04-07 21:17:02: 🌐 MoneyViya Bot v6.0: http://localhost:3001/qr
2026-04-07 21:17:02: 
2026-04-07 21:17:03: 🤖 MoneyViya Bot v6.0 connecting... API: http://localhost:8000
2026-04-07 21:17:04: 
2026-04-07 21:17:04: 📱 QR ready! Open /qr in browser.
2026-04-07 21:17:04: 
2026-04-07 21:18:04: 
2026-04-07 21:18:04: 📱 QR ready! Open /qr in browser.
2026-04-07 21:18:04: 
2026-04-07 21:18:24: 
2026-04-07 21:18:24: 📱 QR ready! Open /qr in browser.
2026-04-07 21:18:24: 
2026-04-07 21:18:44: 
2026-04-07 21:18:44: 📱 QR ready! Open /qr in browser.
2026-04-07 21:18:44: 
2026-04-07 21:19:04: 
2026-04-07 21:19:04: 📱 QR ready! Open /qr in browser.
2026-04-07 21:19:04: 
2026-04-07 21:19:24: 
2026-04-07 21:19:24: 📱 QR ready! Open /qr in browser.
2026-04-07 21:19:24: 
2026-04-07 21:19:44: [Reconnect] #1 in 3s
2026-04-07 21:19:47: 🤖 MoneyViya Bot v6.0 connecting... API: http://localhost:8000
2026-04-07 21:19:48: 
2026-04-07 21:19:48: 📱 QR ready! Open /qr in browser.
2026-04-07 21:19:48: 
2026-04-07 21:20:48: 
2026-04-07 21:20:48: 📱 QR ready! Open /qr in browser.
2026-04-07 21:20:48: 
2026-04-07 21:21:08: 
2026-04-07 21:21:08: 📱 QR ready! Open /qr in browser.
2026-04-07 21:21:08: 
2026-04-07 21:21:28: 
2026-04-07 21:21:28: 📱 QR ready! Open /qr in browser.
2026-04-07 21:21:28: 
2026-04-07 21:21:48: 
2026-04-07 21:21:48: 📱 QR ready! Open /qr in browser.
2026-04-07 21:21:48: 
2026-04-07 21:22:08: 
2026-04-07 21:22:08: 📱 QR ready! Open /qr in browser.
2026-04-07 21:22:08: 
2026-04-07 21:22:28: [Reconnect] #2 in 5s
2026-04-07 21:22:33: 🤖 MoneyViya Bot v6.0 connecting... API: http://localhost:8000
2026-04-07 21:22:34: 
2026-04-07 21:22:34: 📱 QR ready! Open /qr in browser.
2026-04-07 21:22:34: 
2026-04-07 21:23:34: 
2026-04-07 21:23:34: 📱 QR ready! Open /qr in browser.
2026-04-07 21:23:34: 
2026-04-07 21:23:54: 
2026-04-07 21:23:54: 📱 QR ready! Open /qr in browser.
2026-04-07 21:23:54: 
2026-04-07 21:24:14: 
2026-04-07 21:24:14: 📱 QR ready! Open /qr in browser.
2026-04-07 21:24:14: 
2026-04-07 21:24:34: 
2026-04-07 21:24:34: 📱 QR ready! Open /qr in browser.
2026-04-07 21:24:34: 
2026-04-07 21:24:54: 
2026-04-07 21:24:54: 📱 QR ready! Open /qr in browser.
2026-04-07 21:24:54: 
2026-04-07 21:25:14: [Reconnect] #3 in 7s
2026-04-07 21:25:21: 🤖 MoneyViya Bot v6.0 connecting... API: http://localhost:8000
2026-04-07 21:25:22: 
2026-04-07 21:25:22: 📱 QR ready! Open /qr in browser.
2026-04-07 21:25:22: 
2026-04-07 21:26:22: 
2026-04-07 21:26:22: 📱 QR ready! Open /qr in browser.
2026-04-07 21:26:22: 
2026-04-07 21:26:42: 
2026-04-07 21:26:42: 📱 QR ready! Open /qr in browser.
2026-04-07 21:26:42: 
2026-04-07 21:27:02: 
2026-04-07 21:27:02: 📱 QR ready! Open /qr in browser.
2026-04-07 21:27:02: 
2026-04-07 21:27:22: 
2026-04-07 21:27:22: 📱 QR ready! Open /qr in browser.
2026-04-07 21:27:22: 
2026-04-07 21:27:42: 
2026-04-07 21:27:42: 📱 QR ready! Open /qr in browser.
2026-04-07 21:27:42: 
2026-04-07 21:28:02: [Reconnect] #4 in 10s
2026-04-07 21:28:12: 🤖 MoneyViya Bot v6.0 connecting... API: http://localhost:8000
2026-04-07 21:28:13: 
2026-04-07 21:28:13: 📱 QR ready! Open /qr in browser.
2026-04-07 21:28:13: 
2026-04-07 21:29:13: 
2026-04-07 21:29:13: 📱 QR ready! Open /qr in browser.
2026-04-07 21:29:13: 
2026-04-07 21:29:33: 
2026-04-07 21:29:33: 📱 QR ready! Open /qr in browser.
2026-04-07 21:29:33: 
2026-04-07 21:29:53: 
2026-04-07 21:29:53: 📱 QR ready! Open /qr in browser.
2026-04-07 21:29:53: 
2026-04-07 21:30:13: 
2026-04-07 21:30:13: 📱 QR ready! Open /qr in browser.
2026-04-07 21:30:13: 
2026-04-07 21:30:33: 
2026-04-07 21:30:33: 📱 QR ready! Open /qr in browser.
2026-04-07 21:30:33: 
2026-04-07 21:30:53: [Reconnect] #5 in 15s
2026-04-07 21:31:09: 🤖 MoneyViya Bot v6.0 connecting... API: http://localhost:8000
2026-04-07 21:31:10: 
2026-04-07 21:31:10: 📱 QR ready! Open /qr in browser.
2026-04-07 21:31:10: 
2026-04-07 21:32:10: 
2026-04-07 21:32:10: 📱 QR ready! Open /qr in browser.
2026-04-07 21:32:10: 
2026-04-07 21:32:30: 
2026-04-07 21:32:30: 📱 QR ready! Open /qr in browser.
2026-04-07 21:32:30: 
2026-04-07 21:32:50: 
2026-04-07 21:32:50: 📱 QR ready! Open /qr in browser.
2026-04-07 21:32:50: 
2026-04-07 21:33:10: 
2026-04-07 21:33:10: 📱 QR ready! Open /qr in browser.
2026-04-07 21:33:10: 
2026-04-07 21:33:30: 
2026-04-07 21:33:30: 📱 QR ready! Open /qr in browser.
2026-04-07 21:33:30: 
2026-04-07 21:33:50: [Reconnect] #6 in 23s
2026-04-07 21:34:13: 🤖 MoneyViya Bot v6.0 connecting... API: http://localhost:8000
2026-04-07 21:34:14: 
2026-04-07 21:34:14: 📱 QR ready! Open /qr in browser.
2026-04-07 21:34:14: 
2026-04-07 21:35:14: 
2026-04-07 21:35:14: 📱 QR ready! Open /qr in browser.
2026-04-07 21:35:14: 
2026-04-07 21:35:34: 
2026-04-07 21:35:34: 📱 QR ready! Open /qr in browser.
2026-04-07 21:35:34: 
2026-04-07 21:35:54: 
2026-04-07 21:35:54: 📱 QR ready! Open /qr in browser.
2026-04-07 21:35:54: 
2026-04-07 21:36:14: 
2026-04-07 21:36:14: 📱 QR ready! Open /qr in browser.
2026-04-07 21:36:14: 
2026-04-07 21:36:34: 
2026-04-07 21:36:34: 📱 QR ready! Open /qr in browser.
2026-04-07 21:36:34: 
2026-04-07 21:36:54: [Reconnect] #7 in 34s
2026-04-07 21:37:28: 🤖 MoneyViya Bot v6.0 connecting... API: http://localhost:8000
2026-04-07 21:37:29: 
2026-04-07 21:37:29: 📱 QR ready! Open /qr in browser.
2026-04-07 21:37:29: 
2026-04-07 21:38:29: 
2026-04-07 21:38:29: 📱 QR ready! Open /qr in browser.
2026-04-07 21:38:29: 
2026-04-07 21:38:49: 
2026-04-07 21:38:49: 📱 QR ready! Open /qr in browser.
2026-04-07 21:38:49: 
2026-04-07 21:39:09: 
2026-04-07 21:39:09: 📱 QR ready! Open /qr in browser.
2026-04-07 21:39:09: 
2026-04-07 21:39:29: 
2026-04-07 21:39:29: 📱 QR ready! Open /qr in browser.
2026-04-07 21:39:29: 
2026-04-07 21:39:49: 
2026-04-07 21:39:49: 📱 QR ready! Open /qr in browser.
2026-04-07 21:39:49: 
2026-04-07 21:40:09: [Reconnect] #8 in 51s
2026-04-07 21:41:01: 🤖 MoneyViya Bot v6.0 connecting... API: http://localhost:8000
2026-04-07 21:41:02: 
2026-04-07 21:41:02: 📱 QR ready! Open /qr in browser.
2026-04-07 21:41:02: 
2026-04-07 21:42:02: 
2026-04-07 21:42:02: 📱 QR ready! Open /qr in browser.
2026-04-07 21:42:02: 
2026-04-07 21:42:22: 
2026-04-07 21:42:22: 📱 QR ready! Open /qr in browser.
2026-04-07 21:42:22: 
2026-04-07 21:42:42: 
2026-04-07 21:42:42: 📱 QR ready! Open /qr in browser.
2026-04-07 21:42:42: 
2026-04-07 21:43:02: 
2026-04-07 21:43:02: 📱 QR ready! Open /qr in browser.
2026-04-07 21:43:02: 
2026-04-07 21:43:22: 
2026-04-07 21:43:22: 📱 QR ready! Open /qr in browser.
2026-04-07 21:43:22: 
2026-04-07 21:43:42: [Reconnect] #9 in 60s
2026-04-07 21:44:42: 🤖 MoneyViya Bot v6.0 connecting... API: http://localhost:8000
2026-04-07 21:44:43: 
2026-04-07 21:44:43: 📱 QR ready! Open /qr in browser.
2026-04-07 21:44:43: 
2026-04-07 21:45:43: 
2026-04-07 21:45:43: 📱 QR ready! Open /qr in browser.
2026-04-07 21:45:43: 
2026-04-07 21:46:03: 
2026-04-07 21:46:03: 📱 QR ready! Open /qr in browser.
2026-04-07 21:46:03: 
2026-04-07 21:46:23: 
2026-04-07 21:46:23: 📱 QR ready! Open /qr in browser.
2026-04-07 21:46:23: 
2026-04-07 21:46:43: 
2026-04-07 21:46:43: 📱 QR ready! Open /qr in browser.
2026-04-07 21:46:43: 
2026-04-07 21:47:03: 
2026-04-07 21:47:03: 📱 QR ready! Open /qr in browser.
2026-04-07 21:47:03: 
2026-04-07 21:47:23: [Reconnect] #10 in 60s
2026-04-07 21:48:24: 🤖 MoneyViya Bot v6.0 connecting... API: http://localhost:8000
2026-04-07 21:48:25: 
2026-04-07 21:48:25: 📱 QR ready! Open /qr in browser.
2026-04-07 21:48:25: 
2026-04-07 21:49:25: 
2026-04-07 21:49:25: 📱 QR ready! Open /qr in browser.
2026-04-07 21:49:25: 
2026-04-07 21:49:45: 
2026-04-07 21:49:45: 📱 QR ready! Open /qr in browser.
2026-04-07 21:49:45: 
2026-04-07 21:50:05: 
2026-04-07 21:50:05: 📱 QR ready! Open /qr in browser.
2026-04-07 21:50:05: 
2026-04-07 21:50:25: 
2026-04-07 21:50:25: 📱 QR ready! Open /qr in browser.
2026-04-07 21:50:25: 
2026-04-07 21:50:45: 
2026-04-07 21:50:45: 📱 QR ready! Open /qr in browser.
2026-04-07 21:50:45: 
2026-04-07 21:51:05: [Reconnect] #11 in 60s
2026-04-07 21:52:05: 🤖 MoneyViya Bot v6.0 connecting... API: http://localhost:8000
2026-04-07 21:52:06: 
2026-04-07 21:52:06: 📱 QR ready! Open /qr in browser.
2026-04-07 21:52:06: 
2026-04-07 21:53:06: 
2026-04-07 21:53:06: 📱 QR ready! Open /qr in browser.
2026-04-07 21:53:06: 
2026-04-07 21:53:26: 
2026-04-07 21:53:26: 📱 QR ready! Open /qr in browser.
2026-04-07 21:53:26: 
2026-04-07 21:53:46: 
2026-04-07 21:53:46: 📱 QR ready! Open /qr in browser.
2026-04-07 21:53:46: 
2026-04-07 21:54:06: 
2026-04-07 21:54:06: 📱 QR ready! Open /qr in browser.
2026-04-07 21:54:06: 
2026-04-07 21:54:26: 
2026-04-07 21:54:26: 📱 QR ready! Open /qr in browser.
2026-04-07 21:54:26: 
2026-04-07 21:54:46: [Reconnect] #12 in 60s
2026-04-07 21:55:47: 🤖 MoneyViya Bot v6.0 connecting... API: http://localhost:8000
2026-04-07 21:55:48: 
2026-04-07 21:55:48: 📱 QR ready! Open /qr in browser.
2026-04-07 21:55:48: 
2026-04-07 21:56:48: 
2026-04-07 21:56:48: 📱 QR ready! Open /qr in browser.
2026-04-07 21:56:48: 
2026-04-07 21:57:08: 
2026-04-07 21:57:08: 📱 QR ready! Open /qr in browser.
2026-04-07 21:57:08: 
2026-04-07 21:57:28: 
2026-04-07 21:57:28: 📱 QR ready! Open /qr in browser.
2026-04-07 21:57:28: 
2026-04-07 21:57:48: 
2026-04-07 21:57:48: 📱 QR ready! Open /qr in browser.
2026-04-07 21:57:48: 
2026-04-07 21:58:08: 
2026-04-07 21:58:08: 📱 QR ready! Open /qr in browser.
2026-04-07 21:58:08: 
2026-04-07 21:58:28: [Reconnect] #13 in 60s
2026-04-07 21:59:28: 🤖 MoneyViya Bot v6.0 connecting... API: http://localhost:8000
2026-04-07 21:59:29: 
2026-04-07 21:59:29: 📱 QR ready! Open /qr in browser.
2026-04-07 21:59:29: 
2026-04-07 22:00:29: 
2026-04-07 22:00:29: 📱 QR ready! Open /qr in browser.
2026-04-07 22:00:29: 
2026-04-07 22:00:49: 
2026-04-07 22:00:49: 📱 QR ready! Open /qr in browser.
2026-04-07 22:00:49: 
2026-04-07 22:01:09: 
2026-04-07 22:01:09: 📱 QR ready! Open /qr in browser.
2026-04-07 22:01:09: 
2026-04-07 22:01:29: 
2026-04-07 22:01:29: 📱 QR ready! Open /qr in browser.
2026-04-07 22:01:29: 
2026-04-07 22:01:49: 
2026-04-07 22:01:49: 📱 QR ready! Open /qr in browser.
2026-04-07 22:01:49: 
2026-04-07 22:02:09: [Reconnect] #14 in 60s
2026-04-07 22:03:09: 🤖 MoneyViya Bot v6.0 connecting... API: http://localhost:8000
2026-04-07 22:03:10: 
2026-04-07 22:03:10: 📱 QR ready! Open /qr in browser.
2026-04-07 22:03:10: 
2026-04-07 22:04:10: 
2026-04-07 22:04:10: 📱 QR ready! Open /qr in browser.
2026-04-07 22:04:10: 
2026-04-07 22:04:30: 
2026-04-07 22:04:30: 📱 QR ready! Open /qr in browser.
2026-04-07 22:04:30: 
2026-04-07 22:04:50: 
2026-04-07 22:04:50: 📱 QR ready! Open /qr in browser.
2026-04-07 22:04:50: 
2026-04-07 22:05:10: 
2026-04-07 22:05:10: 📱 QR ready! Open /qr in browser.
2026-04-07 22:05:10: 
2026-04-07 22:05:30: 
2026-04-07 22:05:30: 📱 QR ready! Open /qr in browser.
2026-04-07 22:05:30: 
2026-04-07 22:05:50: [Reconnect] #15 in 60s
2026-04-07 22:06:51: 🤖 MoneyViya Bot v6.0 connecting... API: http://localhost:8000
2026-04-07 22:06:52: 
2026-04-07 22:06:52: 📱 QR ready! Open /qr in browser.
2026-04-07 22:06:52: 
2026-04-07 22:07:52: 
2026-04-07 22:07:52: 📱 QR ready! Open /qr in browser.
2026-04-07 22:07:52: 
2026-04-07 22:08:12: 
2026-04-07 22:08:12: 📱 QR ready! Open /qr in browser.
2026-04-07 22:08:12: 
2026-04-07 22:08:32: 
2026-04-07 22:08:32: 📱 QR ready! Open /qr in browser.
2026-04-07 22:08:32: 
2026-04-07 22:08:52: 
2026-04-07 22:08:52: 📱 QR ready! Open /qr in browser.
2026-04-07 22:08:52: 
2026-04-07 22:09:12: 
2026-04-07 22:09:12: 📱 QR ready! Open /qr in browser.
2026-04-07 22:09:12: 
2026-04-07 22:09:32: [Reconnect] #16 in 60s
2026-04-07 22:10:32: 🤖 MoneyViya Bot v6.0 connecting... API: http://localhost:8000
2026-04-07 22:10:33: 
2026-04-07 22:10:33: 📱 QR ready! Open /qr in browser.
2026-04-07 22:10:33: 
2026-04-07 22:11:33: 
2026-04-07 22:11:33: 📱 QR ready! Open /qr in browser.
2026-04-07 22:11:33: 
2026-04-07 22:11:53: 
2026-04-07 22:11:53: 📱 QR ready! Open /qr in browser.
2026-04-07 22:11:53: 
2026-04-07 22:12:13: 
2026-04-07 22:12:13: 📱 QR ready! Open /qr in browser.
2026-04-07 22:12:13: 
2026-04-07 22:12:33: 
2026-04-07 22:12:33: 📱 QR ready! Open /qr in browser.
2026-04-07 22:12:33: 
2026-04-07 22:12:53: 
2026-04-07 22:12:53: 📱 QR ready! Open /qr in browser.
2026-04-07 22:12:53: 
2026-04-07 22:13:13: [Reconnect] #17 in 60s
2026-04-07 22:14:13: 🤖 MoneyViya Bot v6.0 connecting... API: http://localhost:8000
2026-04-07 22:14:14: 
2026-04-07 22:14:14: 📱 QR ready! Open /qr in browser.
2026-04-07 22:14:14: 
